Fri Sep 01 2023 2:16:48 } [PH] error: 
Invalid `prisma.category.findUnique()` invocation:


Cannot select both '$scalars: true' and a specific scalar field 'books'.
Fri Sep 01 2023 2:46:34 } [PH] error: 
Invalid `prisma.book.create()` invocation:


Operation 'createOne' for model 'Book' does not match any query.
Fri Sep 01 2023 2:48:18 } [PH] error: 
Invalid `prisma.book.create()` invocation:


Operation 'createOne' for model 'Book' does not match any query.
Fri Sep 01 2023 2:50:2 } [PH] error: 
Invalid `prisma.book.create()` invocation:

{
  data: {
    title: "The Catcher in the Rye",
    author: "J.D. Salinger",
    genre: "Fiction",
    price: 350.75,
    publicationDate: "1951-07-16",
                     ~~~~~~~~~~~~
    categoryId: "0ef113d0-d2db-44f8-887e-b84e4534315e"
  }
}

Invalid value for argument `publicationDate`: premature end of input. Expected ISO-8601 DateTime.
